<?xml version="1.0" encoding="UTF-8"?>
<testng-results skipped="0" failed="0" ignored="0" total="1" passed="1">
  <reporter-output>
  </reporter-output>
  <suite name="Testing Google Apps" duration-ms="23" started-at="2020-06-26T17:35:11Z" finished-at="2020-06-26T17:35:11Z">
    <groups>
    </groups>
    <test name="Regression" duration-ms="23" started-at="2020-06-26T17:35:11Z" finished-at="2020-06-26T17:35:11Z">
      <class name="com.darena.automation.tests.ContactManagerTest">
        <test-method status="PASS" signature="setupAppium()[pri:0, instance:com.darena.automation.tests.ContactManagerTest@60addb54]" name="setupAppium" is-config="true" duration-ms="13546" started-at="2020-06-26T17:34:58Z" finished-at="2020-06-26T17:35:11Z">
          <reporter-output>
          </reporter-output>
        </test-method> <!-- setupAppium -->
        <test-method status="PASS" signature="firstTest()[pri:0, instance:com.darena.automation.tests.ContactManagerTest@60addb54]" name="firstTest" duration-ms="1" started-at="2020-06-26T17:35:11Z" finished-at="2020-06-26T17:35:11Z">
          <reporter-output>
          </reporter-output>
        </test-method> <!-- firstTest -->
        <test-method status="PASS" signature="stopAppium()[pri:0, instance:com.darena.automation.tests.ContactManagerTest@60addb54]" name="stopAppium" is-config="true" duration-ms="54" started-at="2020-06-26T17:35:11Z" finished-at="2020-06-26T17:35:12Z">
          <reporter-output>
          </reporter-output>
        </test-method> <!-- stopAppium -->
      </class> <!-- com.darena.automation.tests.ContactManagerTest -->
    </test> <!-- Regression -->
  </suite> <!-- Testing Google Apps -->
</testng-results>
